0 info it worked if it ends with ok
1 verbose cli [ '/usr/bin/node', '/usr/bin/npm', 'run', 'babel' ]
2 info using npm@3.5.2
3 info using node@v8.10.0
4 verbose run-script [ 'prebabel', 'babel', 'postbabel' ]
5 info lifecycle recast.ly@1.1.0~prebabel: recast.ly@1.1.0
6 silly lifecycle recast.ly@1.1.0~prebabel: no script for prebabel, continuing
7 info lifecycle recast.ly@1.1.0~babel: recast.ly@1.1.0
8 verbose lifecycle recast.ly@1.1.0~babel: unsafe-perm in lifecycle true
9 verbose lifecycle recast.ly@1.1.0~babel: PATH: /usr/share/npm/bin/node-gyp-bin:/home/lillian/Hack_Reactor/Week_3/hrsf131-recast.ly/node_modules/.bin:/usr/local/sbin:/usr/local/bin:/usr/sbin:/usr/bin:/sbin:/bin:/usr/games:/usr/local/games:/snap/bin
10 verbose lifecycle recast.ly@1.1.0~babel: CWD: /home/lillian/Hack_Reactor/Week_3/hrsf131-recast.ly
11 silly lifecycle recast.ly@1.1.0~babel: Args: [ '-c',
11 silly lifecycle   'babel . --out-dir compiled --presets=react --ignore=node_modules,compiled --source-maps inline --watch' ]
12 silly lifecycle recast.ly@1.1.0~babel: Returned: code: 1  signal: null
13 info lifecycle recast.ly@1.1.0~babel: Failed to exec babel script
14 verbose stack Error: recast.ly@1.1.0 babel: `babel . --out-dir compiled --presets=react --ignore=node_modules,compiled --source-maps inline --watch`
14 verbose stack Exit status 1
14 verbose stack     at EventEmitter.<anonymous> (/usr/share/npm/lib/utils/lifecycle.js:232:16)
14 verbose stack     at emitTwo (events.js:126:13)
14 verbose stack     at EventEmitter.emit (events.js:214:7)
14 verbose stack     at ChildProcess.<anonymous> (/usr/share/npm/lib/utils/spawn.js:24:14)
14 verbose stack     at emitTwo (events.js:126:13)
14 verbose stack     at ChildProcess.emit (events.js:214:7)
14 verbose stack     at maybeClose (internal/child_process.js:925:16)
14 verbose stack     at Process.ChildProcess._handle.onexit (internal/child_process.js:209:5)
15 verbose pkgid recast.ly@1.1.0
16 verbose cwd /home/lillian/Hack_Reactor/Week_3/hrsf131-recast.ly
17 error Linux 4.15.0-121-generic
18 error argv "/usr/bin/node" "/usr/bin/npm" "run" "babel"
19 error node v8.10.0
20 error npm  v3.5.2
21 error code ELIFECYCLE
22 error recast.ly@1.1.0 babel: `babel . --out-dir compiled --presets=react --ignore=node_modules,compiled --source-maps inline --watch`
22 error Exit status 1
23 error Failed at the recast.ly@1.1.0 babel script 'babel . --out-dir compiled --presets=react --ignore=node_modules,compiled --source-maps inline --watch'.
23 error Make sure you have the latest version of node.js and npm installed.
23 error If you do, this is most likely a problem with the recast.ly package,
23 error not with npm itself.
23 error Tell the author that this fails on your system:
23 error     babel . --out-dir compiled --presets=react --ignore=node_modules,compiled --source-maps inline --watch
23 error You can get information on how to open an issue for this project with:
23 error     npm bugs recast.ly
23 error Or if that isn't available, you can get their info via:
23 error     npm owner ls recast.ly
23 error There is likely additional logging output above.
24 verbose exit [ 1, true ]
